[2025-06-17 13:29:33Z INFO HostContext] No proxy settings were found based on environmental variables (http_proxy/https_proxy/HTTP_PROXY/HTTPS_PROXY)
[2025-06-17 13:29:33Z INFO HostContext] Well known directory 'Bin': '/Users/betrandmutagha/github-action/actions-runner/bin'
[2025-06-17 13:29:33Z INFO HostContext] Well known directory 'Root': '/Users/betrandmutagha/github-action/actions-runner'
[2025-06-17 13:29:33Z INFO HostContext] Well known config file 'Credentials': '/Users/betrandmutagha/github-action/actions-runner/.credentials'
[2025-06-17 13:29:33Z INFO HostContext] Well known directory 'Bin': '/Users/betrandmutagha/github-action/actions-runner/bin'
[2025-06-17 13:29:33Z INFO HostContext] Well known directory 'Root': '/Users/betrandmutagha/github-action/actions-runner'
[2025-06-17 13:29:33Z INFO HostContext] Well known config file 'Runner': '/Users/betrandmutagha/github-action/actions-runner/.runner'
[2025-06-17 13:29:33Z INFO Listener] Runner is built for OSX (X64) - osx-x64.
[2025-06-17 13:29:33Z INFO Listener] RuntimeInformation: Darwin 23.6.0 Darwin Kernel Version 23.6.0: Mon Jul 29 21:14:30 PDT 2024; root:xnu-10063.141.2~1/RELEASE_ARM64_T6030.
[2025-06-17 13:29:33Z INFO Listener] Version: 2.325.0
[2025-06-17 13:29:33Z INFO Listener] Commit: 71ed7cd46223bd5d61633445946813012b502d54
[2025-06-17 13:29:33Z INFO Listener] Culture: en-US
[2025-06-17 13:29:33Z INFO Listener] UI Culture: en-US
[2025-06-17 13:29:33Z INFO HostContext] Well known directory 'Bin': '/Users/betrandmutagha/github-action/actions-runner/bin'
[2025-06-17 13:29:33Z INFO HostContext] Well known directory 'Root': '/Users/betrandmutagha/github-action/actions-runner'
[2025-06-17 13:29:33Z INFO Listener] Validating directory permissions for: '/Users/betrandmutagha/github-action/actions-runner'
[2025-06-17 13:29:33Z INFO CommandLineParser] Parse
[2025-06-17 13:29:33Z INFO CommandLineParser] Parsing 3 args
[2025-06-17 13:29:33Z INFO CommandLineParser] parsing argument
[2025-06-17 13:29:33Z INFO CommandLineParser] HasArgs: False
[2025-06-17 13:29:33Z INFO CommandLineParser] Adding Command: run
[2025-06-17 13:29:33Z INFO CommandLineParser] parsing argument
[2025-06-17 13:29:33Z INFO CommandLineParser] HasArgs: True
[2025-06-17 13:29:33Z INFO CommandLineParser] arg: startuptype
[2025-06-17 13:29:33Z INFO CommandLineParser] parsing argument
[2025-06-17 13:29:33Z INFO CommandLineParser] HasArgs: True
[2025-06-17 13:29:33Z INFO CommandLineParser] Adding option 'startuptype': 'service'
[2025-06-17 13:29:33Z INFO Listener] Arguments parsed
[2025-06-17 13:29:33Z INFO Runner] ExecuteCommand
[2025-06-17 13:29:33Z INFO ConfigurationStore] currentAssemblyLocation: /Users/betrandmutagha/github-action/actions-runner/bin/Runner.Listener.dll
[2025-06-17 13:29:33Z INFO HostContext] Well known directory 'Bin': '/Users/betrandmutagha/github-action/actions-runner/bin'
[2025-06-17 13:29:33Z INFO ConfigurationStore] binPath: /Users/betrandmutagha/github-action/actions-runner/bin
[2025-06-17 13:29:33Z INFO HostContext] Well known directory 'Bin': '/Users/betrandmutagha/github-action/actions-runner/bin'
[2025-06-17 13:29:33Z INFO HostContext] Well known directory 'Root': '/Users/betrandmutagha/github-action/actions-runner'
[2025-06-17 13:29:33Z INFO ConfigurationStore] RootFolder: /Users/betrandmutagha/github-action/actions-runner
[2025-06-17 13:29:33Z INFO HostContext] Well known directory 'Bin': '/Users/betrandmutagha/github-action/actions-runner/bin'
[2025-06-17 13:29:33Z INFO HostContext] Well known directory 'Root': '/Users/betrandmutagha/github-action/actions-runner'
[2025-06-17 13:29:33Z INFO HostContext] Well known config file 'Runner': '/Users/betrandmutagha/github-action/actions-runner/.runner'
[2025-06-17 13:29:33Z INFO ConfigurationStore] ConfigFilePath: /Users/betrandmutagha/github-action/actions-runner/.runner
[2025-06-17 13:29:33Z INFO HostContext] Well known directory 'Bin': '/Users/betrandmutagha/github-action/actions-runner/bin'
[2025-06-17 13:29:33Z INFO HostContext] Well known directory 'Root': '/Users/betrandmutagha/github-action/actions-runner'
[2025-06-17 13:29:33Z INFO HostContext] Well known config file 'MigratedRunner': '/Users/betrandmutagha/github-action/actions-runner/.runner_migrated'
[2025-06-17 13:29:33Z INFO ConfigurationStore] MigratedConfigFilePath: /Users/betrandmutagha/github-action/actions-runner/.runner_migrated
[2025-06-17 13:29:33Z INFO HostContext] Well known directory 'Bin': '/Users/betrandmutagha/github-action/actions-runner/bin'
[2025-06-17 13:29:33Z INFO HostContext] Well known directory 'Root': '/Users/betrandmutagha/github-action/actions-runner'
[2025-06-17 13:29:33Z INFO HostContext] Well known config file 'Credentials': '/Users/betrandmutagha/github-action/actions-runner/.credentials'
[2025-06-17 13:29:33Z INFO ConfigurationStore] CredFilePath: /Users/betrandmutagha/github-action/actions-runner/.credentials
[2025-06-17 13:29:33Z INFO HostContext] Well known directory 'Bin': '/Users/betrandmutagha/github-action/actions-runner/bin'
[2025-06-17 13:29:33Z INFO HostContext] Well known directory 'Root': '/Users/betrandmutagha/github-action/actions-runner'
[2025-06-17 13:29:33Z INFO HostContext] Well known config file 'MigratedCredentials': '/Users/betrandmutagha/github-action/actions-runner/.credentials_migrated'
[2025-06-17 13:29:33Z INFO ConfigurationStore] MigratedCredFilePath: /Users/betrandmutagha/github-action/actions-runner/.credentials_migrated
[2025-06-17 13:29:33Z INFO HostContext] Well known directory 'Bin': '/Users/betrandmutagha/github-action/actions-runner/bin'
[2025-06-17 13:29:33Z INFO HostContext] Well known directory 'Root': '/Users/betrandmutagha/github-action/actions-runner'
[2025-06-17 13:29:33Z INFO HostContext] Well known config file 'Service': '/Users/betrandmutagha/github-action/actions-runner/.service'
[2025-06-17 13:29:33Z INFO ConfigurationStore] ServiceConfigFilePath: /Users/betrandmutagha/github-action/actions-runner/.service
[2025-06-17 13:29:33Z INFO CommandSettings] Flag 'help': 'False'
[2025-06-17 13:29:33Z INFO CommandSettings] Flag 'version': 'False'
[2025-06-17 13:29:33Z INFO CommandSettings] Flag 'commit': 'False'
[2025-06-17 13:29:33Z INFO CommandSettings] Flag 'check': 'False'
[2025-06-17 13:29:33Z INFO CommandSettings] Command 'configure': 'False'
[2025-06-17 13:29:33Z INFO CommandSettings] Command 'remove': 'False'
[2025-06-17 13:29:33Z INFO CommandSettings] Command 'warmup': 'False'
[2025-06-17 13:29:33Z INFO ConfigurationManager] LoadSettings
[2025-06-17 13:29:33Z INFO ConfigurationStore] IsConfigured()
[2025-06-17 13:29:33Z INFO ConfigurationStore] IsConfigured: False
[2025-06-17 13:29:33Z INFO ConfigurationManager] Is configured: False
[2025-06-17 13:29:33Z ERR  Terminal] WRITE ERROR: An error occurred: Not configured. Run config.(sh/cmd) to configure the runner.
[2025-06-17 13:29:34Z ERR  Listener] GitHub.Runner.Common.NonRetryableException: Not configured. Run config.(sh/cmd) to configure the runner.
   at GitHub.Runner.Listener.Configuration.ConfigurationManager.LoadSettings()
   at GitHub.Runner.Listener.Runner.ExecuteCommand(CommandSettings command)
   at GitHub.Runner.Listener.Program.MainAsync(IHostContext context, String[] args)
| |_| | | | | '_ \    / _ \ / __| __| |/ _ \| '_ \/ __|     |
[2025-06-17 13:29:33Z INFO Terminal] WRITE LINE: |      | |_| | | |_|  _  | |_| | |_) |  / ___ \ (__| |_| | (_) | | | \__ \     |
[2025-06-17 13:29:33Z INFO Terminal] WRITE LINE: |       \____|_|\__|_| |_|\__,_|_.__/  /_/   \_\___|\__|_|\___/|_| |_|___/     |
[2025-06-17 13:29:33Z INFO Terminal] WRITE LINE: |                                                                              |
[2025-06-17 13:29:33Z INFO Terminal] WRITE: |                       
[2025-06-17 13:29:33Z INFO Terminal] WRITE: Self-hosted runner registration
[2025-06-17 13:29:33Z INFO Terminal] WRITE LINE:                         |
[2025-06-17 13:29:33Z INFO Terminal] WRITE LINE: |                                                                              |
[2025-06-17 13:29:33Z INFO Terminal] WRITE LINE: --------------------------------------------------------------------------------
[2025-06-17 13:29:33Z INFO ConfigurationManager] ConfigureAsync
[2025-06-17 13:29:33Z INFO CommandSettings] Flag 'generateServiceConfig': 'False'
[2025-06-17 13:29:33Z INFO ConfigurationStore] IsConfigured()
[2025-06-17 13:29:33Z INFO ConfigurationStore] IsConfigured: False
[2025-06-17 13:29:33Z INFO ConfigurationManager] Is configured: False
[2025-06-17 13:29:33Z INFO CommandSettings] Arg 'url': 'https://github.com/Betrand1999/github-action'
[2025-06-17 13:29:33Z INFO CommandSettings] Remove url from Arg dictionary.
[2025-06-17 13:29:33Z INFO CommandSettings] Arg 'token': '***'
[2025-06-17 13:29:33Z INFO CommandSettings] Remove token from Arg dictionary.
[2025-06-17 13:29:36Z INFO ConfigurationManager] Http response code: OK from 'POST https://api.github.com/actions/runner-registration' (F7E8:3A22D0:D2AE07:1A11C58:68516DC0)
[2025-06-17 13:29:36Z INFO ConfigurationManager] Using V2 flow: False
[2025-06-17 13:29:36Z INFO ConfigurationManager] cred retrieved via GitHub auth
[2025-06-17 13:29:36Z INFO RunnerServer] EstablishVssConnection
[2025-06-17 13:29:36Z INFO RunnerServer] Establish connection with 100 seconds timeout.
[2025-06-17 13:29:36Z INFO GitHubActionsService] Starting operation Location.GetConnectionData
[2025-06-17 13:29:36Z INFO RunnerServer] EstablishVssConnection
[2025-06-17 13:29:36Z INFO RunnerServer] Establish connection with 60 seconds timeout.
[2025-06-17 13:29:36Z INFO GitHubActionsService] Starting operation Location.GetConnectionData
[2025-06-17 13:29:36Z INFO RunnerServer] EstablishVssConnection
[2025-06-17 13:29:36Z INFO RunnerServer] Establish connection with 60 seconds timeout.
[2025-06-17 13:29:36Z INFO GitHubActionsService] Starting operation Location.GetConnectionData
[2025-06-17 13:29:37Z INFO GitHubActionsService] Finished operation Location.GetConnectionData
[2025-06-17 13:29:37Z INFO GitHubActionsService] Finished operation Location.GetConnectionData
[2025-06-17 13:29:37Z INFO GitHubActionsService] Finished operation Location.GetConnectionData
[2025-06-17 13:29:37Z INFO Terminal] WRITE LINE: 
[2025-06-17 13:29:37Z INFO ConfigurationManager] Test Connection complete.
[2025-06-17 13:29:37Z INFO HostContext] Well known directory 'Bin': '/Users/betrandmutagha/github-action/actions-runner/bin'
[2025-06-17 13:29:37Z INFO HostContext] Well known directory 'Root': '/Users/betrandmutagha/github-action/actions-runner'
[2025-06-17 13:29:37Z INFO HostContext] Well known config file 'RSACredentials': '/Users/betrandmutagha/github-action/actions-runner/.credentials_rsaparams'
[2025-06-17 13:29:37Z INFO RSAFileKeyManager] Creating new RSA key using 2048-bit key length
[2025-06-17 13:29:37Z INFO RSAFileKeyManager] Successfully saved RSA key parameters to file /Users/betrandmutagha/github-action/actions-runner/.credentials_rsaparams
[2025-06-17 13:29:37Z INFO RSAFileKeyManager] Which2: 'chmod'
[2025-06-17 13:29:37Z INFO RSAFileKeyManager] Location: '/bin/chmod'
[2025-06-17 13:29:37Z INFO HostContext] Well known directory 'Bin': '/Users/betrandmutagha/github-action/actions-runner/bin'
[2025-06-17 13:29:37Z INFO HostContext] Well known directory 'Root': '/Users/betrandmutagha/github-action/actions-runner'
[2025-06-17 13:29:37Z INFO ProcessInvokerWrapper] Starting process:
[2025-06-17 13:29:37Z INFO ProcessInvokerWrapper]   File name: '/bin/chmod'
[2025-06-17 13:29:37Z INFO ProcessInvokerWrapper]   Arguments: '600 /Users/betrandmutagha/github-action/actions-runner/.credentials_rsaparams'
[2025-06-17 13:29:37Z INFO ProcessInvokerWrapper]   Working directory: '/Users/betrandmutagha/github-action/actions-runner'
[2025-06-17 13:29:37Z INFO ProcessInvokerWrapper]   Require exit code zero: 'False'
[2025-06-17 13:29:37Z INFO ProcessInvokerWrapper]   Encoding web name:  ; code page: ''
[2025-06-17 13:29:37Z INFO ProcessInvokerWrapper]   Force kill process on cancellation: 'False'
[2025-06-17 13:29:37Z INFO ProcessInvokerWrapper]   Redirected STDIN: 'False'
[2025-06-17 13:29:37Z INFO ProcessInvokerWrapper]   Persist current code page: 'False'
[2025-06-17 13:29:37Z INFO ProcessInvokerWrapper]   Keep redirected STDIN open: 'False'
[2025-06-17 13:29:37Z INFO ProcessInvokerWrapper]   High priority process: 'False'
[2025-06-17 13:29:37Z INFO ProcessInvokerWrapper] Process started with process id 76803, waiting for process exit.
[2025-06-17 13:29:37Z INFO ProcessInvokerWrapper] STDOUT/STDERR stream read finished.
[2025-06-17 13:29:37Z INFO ProcessInvokerWrapper] STDOUT/STDERR stream read finished.
[2025-06-17 13:29:37Z INFO ProcessInvokerWrapper] Finished process 76803 with exit code 0, and elapsed time 00:00:00.1367173.
[2025-06-17 13:29:37Z INFO RSAFileKeyManager] Successfully set permissions for RSA key parameters file /Users/betrandmutagha/github-action/actions-runner/.credentials_rsaparams
[2025-06-17 13:29:37Z INFO CommandSettings] Arg 'runnergroup': ''
[2025-06-17 13:29:37Z INFO CommandSettings] Flag 'unattended': 'False'
[2025-06-17 13:29:37Z INFO PromptManager] ReadValue
[2025-06-17 13:29:37Z INFO Terminal] WRITE: Enter the name of the runner group to add this runner to: 
[2025-06-17 13:29:37Z INFO Terminal] WRITE: [press Enter for Default] 
[2025-06-17 13:29:37Z INFO Terminal] READ LINE
[2025-06-17 13:29:41Z INFO Terminal] Read value: ''
[2025-06-17 13:29:41Z INFO PromptManager] Falling back to the default: 'Default'
[2025-06-17 13:29:41Z INFO Terminal] WRITE LINE: 
[2025-06-17 13:29:41Z INFO ConfigurationManager] Found a self-hosted runner group with id 1 and name Default
[2025-06-17 13:29:41Z INFO CommandSettings] Flag 'disableupdate': 'False'
[2025-06-17 13:29:41Z INFO CommandSettings] Flag 'ephemeral': 'False'
[2025-06-17 13:29:41Z INFO CommandSettings] Arg 'name': ''
[2025-06-17 13:29:41Z INFO CommandSettings] Flag 'unattended': 'False'
[2025-06-17 13:29:41Z INFO PromptManager] ReadValue
[2025-06-17 13:29:41Z INFO Terminal] WRITE: Enter the name of runner: 
[2025-06-17 13:29:41Z INFO Terminal] WRITE: [press Enter for MacBook-Pro] 
[2025-06-17 13:29:41Z INFO Terminal] READ LINE
[2025-06-17 13:29:46Z INFO Terminal] Read value: 'self-hosted'
[2025-06-17 13:29:46Z INFO Terminal] WRITE LINE: 
[2025-06-17 13:29:46Z INFO CommandSettings] Arg 'labels': ''
[2025-06-17 13:29:46Z INFO CommandSettings] Flag 'unattended': 'False'
[2025-06-17 13:29:46Z INFO PromptManager] ReadValue
[2025-06-17 13:29:46Z INFO Terminal] WRITE: This runner will have the following labels: 'self-hosted', 'macOS', 'X64' 
Enter any additional labels (ex. label-1,label-2): 
[2025-06-17 13:29:46Z INFO Terminal] WRITE: [press Enter to skip] 
[2025-06-17 13:29:46Z INFO Terminal] READ LINE
[2025-06-17 13:29:47Z INFO Terminal] Read value: ''
[2025-06-17 13:29:47Z INFO Terminal] WRITE LINE: 
[2025-06-17 13:29:47Z INFO CommandSettings] Flag 'disableupdate': 'False'
[2025-06-17 13:29:47Z INFO CommandSettings] Flag 'no-default-labels': 'False'
[2025-06-17 13:29:48Z INFO CommandSettings] Flag 'disableupdate': 'False'
[2025-06-17 13:29:48Z INFO CommandSettings] Flag 'ephemeral': 'False'
[2025-06-17 13:29:48Z INFO ConfigurationStore] Saving OAuth credential @ /Users/betrandmutagha/github-action/actions-runner/.credentials
[2025-06-17 13:29:48Z INFO ConfigurationStore] Credentials Saved.
[2025-06-17 13:29:48Z INFO ConfigurationStore] HasCredentials()
[2025-06-17 13:29:48Z INFO ConfigurationStore] stored True
[2025-06-17 13:29:48Z INFO CredentialManager] GetCredentialProvider
[2025-06-17 13:29:48Z INFO CredentialManager] Creating type OAuth
[2025-06-17 13:29:48Z INFO CredentialManager] Creating credential type: OAuth
[2025-06-17 13:29:48Z INFO RSAFileKeyManager] Loading RSA key parameters from file /Users/betrandmutagha/github-action/actions-runner/.credentials_rsaparams
[2025-06-17 13:29:48Z INFO RunnerServer] EstablishVssConnection
[2025-06-17 13:29:48Z INFO RunnerServer] Establish connection with 100 seconds timeout.
[2025-06-17 13:29:48Z INFO GitHubActionsService] Starting operation Location.GetConnectionData
[2025-06-17 13:29:48Z INFO RunnerServer] EstablishVssConnection
[2025-06-17 13:29:48Z INFO RunnerServer] Establish connection with 60 seconds timeout.
[2025-06-17 13:29:48Z INFO GitHubActionsService] Starting operation Location.GetConnectionData
[2025-06-17 13:29:48Z INFO RunnerServer] EstablishVssConnection
[2025-06-17 13:29:48Z INFO RunnerServer] Establish connection with 60 seconds timeout.
[2025-06-17 13:29:48Z INFO GitHubActionsService] Starting operation Location.GetConnectionData
[2025-06-17 13:29:48Z INFO GitHubActionsService] Finished operation Location.GetConnectionData
[2025-06-17 13:29:48Z INFO GitHubActionsService] Finished operation Location.GetConnectionData
[2025-06-17 13:29:48Z INFO GitHubActionsService] Finished operation Location.GetConnectionData
[2025-06-17 13:29:48Z INFO RSAFileKeyManager] Loading RSA key parameters from file /Users/betrandmutagha/github-action/actions-runner/.credentials_rsaparams
[2025-06-17 13:29:48Z INFO RSAFileKeyManager] Loading RSA key parameters from file /Users/betrandmutagha/github-action/actions-runner/.credentials_rsaparams
[2025-06-17 13:29:48Z INFO GitHubActionsService] AAD Correlation ID for this token request: Unknown
[2025-06-17 13:29:48Z INFO ConfigurationManager] Service enforced serverUrlV2: https://broker.actions.githubusercontent.com/
[2025-06-17 13:29:48Z INFO ConfigurationManager] Service enforced useV2Flow: True
[2025-06-17 13:29:48Z INFO CommandSettings] Arg 'work': ''
[2025-06-17 13:29:48Z INFO CommandSettings] Flag 'unattended': 'False'
[2025-06-17 13:29:48Z INFO PromptManager] ReadValue
[2025-06-17 13:29:48Z INFO Terminal] WRITE: Enter name of work folder: 
[2025-06-17 13:29:48Z INFO Terminal] WRITE: [press Enter for _work] 
[2025-06-17 13:29:48Z INFO Terminal] READ LINE
[2025-06-17 13:29:48Z INFO Terminal] Read value: ''
[2025-06-17 13:29:48Z INFO PromptManager] Falling back to the default: '_work'
[2025-06-17 13:29:48Z INFO ConfigurationStore] Saving runner settings.
[2025-06-17 13:29:48Z INFO ConfigurationStore] Settings Saved.
[2025-06-17 13:29:48Z INFO Terminal] WRITE LINE: 
[2025-06-17 13:29:48Z INFO Terminal] WRITE LINE: 
[2025-06-17 13:29:48Z INFO OsxServiceControlManager] Service name 'actions.runner.Betrand1999-github-action.self-hosted' display name 'GitHub Actions Runner (Betrand1999-github-action.self-hosted)' will be used for service configuration.
[2025-06-17 13:29:48Z INFO HostContext] Well known directory 'Bin': '/Users/betrandmutagha/github-action/actions-runner/bin'
[2025-06-17 13:29:48Z INFO HostContext] Well known directory 'Root': '/Users/betrandmutagha/github-action/actions-runner'
[2025-06-17 13:29:48Z INFO HostContext] Well known directory 'Bin': '/Users/betrandmutagha/github-action/actions-runner/bin'
[2025-06-17 13:29:48Z INFO HostContext] Well known directory 'Bin': '/Users/betrandmutagha/github-action/actions-runner/bin'
[2025-06-17 13:29:48Z INFO HostContext] Well known directory 'Root': '/Users/betrandmutagha/github-action/actions-runner'
[2025-06-17 13:29:48Z INFO UnixUtil] Which2: 'chmod'
[2025-06-17 13:29:48Z INFO UnixUtil] Location: '/bin/chmod'
[2025-06-17 13:29:48Z INFO UnixUtil] Running /bin/chmod 755 "/Users/betrandmutagha/github-action/actions-runner/svc.sh"
[2025-06-17 13:29:48Z INFO ProcessInvokerWrapper] Starting process:
[2025-06-17 13:29:48Z INFO ProcessInvokerWrapper]   File name: '/bin/chmod'
[2025-06-17 13:29:48Z INFO ProcessInvokerWrapper]   Arguments: '755 "/Users/betrandmutagha/github-action/actions-runner/svc.sh"'
[2025-06-17 13:29:48Z INFO ProcessInvokerWrapper]   Working directory: '/Users/betrandmutagha/github-action/actions-runner'
[2025-06-17 13:29:48Z INFO ProcessInvokerWrapper]   Require exit code zero: 'True'
[2025-06-17 13:29:48Z INFO ProcessInvokerWrapper]   Encoding web name:  ; code page: ''
[2025-06-17 13:29:48Z INFO ProcessInvokerWrapper]   Force kill process on cancellation: 'False'
[2025-06-17 13:29:48Z INFO ProcessInvokerWrapper]   Redirected STDIN: 'False'
[2025-06-17 13:29:48Z INFO ProcessInvokerWrapper]   Persist current code page: 'False'
[2025-06-17 13:29:48Z INFO ProcessInvokerWrapper]   Keep redirected STDIN open: 'False'
[2025-06-17 13:29:48Z INFO ProcessInvokerWrapper]   High priority process: 'False'
[2025-06-17 13:29:48Z INFO ProcessInvokerWrapper] Process started with process id 83232, waiting for process exit.
[2025-06-17 13:29:48Z INFO ProcessInvokerWrapper] STDOUT/STDERR stream read finished.
[2025-06-17 13:29:48Z INFO ProcessInvokerWrapper] STDOUT/STDERR stream read finished.
[2025-06-17 13:29:48Z INFO ProcessInvokerWrapper] Finished process 83232 with exit code 0, and elapsed time 00:00:00.0198427.
[2025-06-17 13:29:48Z INFO Listener] Runner execution has finished with return code 0
